# JRE version: OpenJDK Runtime Environment (11.0.6+10) (build 11.0.6+10)
# Java VM: OpenJDK 64-Bit Server VM (11.0.6+10, mixed mode, tiered, compressed oops, g1 gc, windows-amd64)
Heap:
 garbage-first heap   total 145408K, used 119187K [0x0000000701e00000, 0x0000000800000000)
  region size 1024K, 64 young (65536K), 1 survivors (1024K)
 Metaspace       used 26921K, capacity 27487K, committed 27776K, reserved 1075200K
  class space    used 2674K, capacity 2905K, committed 2944K, reserved 1048576K
GC Heap History (20 events):
Event: 3743.093 GC heap before
{Heap before GC invocations=6741 (full 2):
 garbage-first heap   total 145408K, used 127398K [0x0000000701e00000, 0x0000000800000000)
  region size 1024K, 71 young (72704K), 1 survivors (1024K)
 Metaspace       used 26921K, capacity 27487K, committed 27776K, reserved 1075200K
  class space    used 2674K, capacity 2905K, committed 2944K, reserved 1048576K
}
Event: 3743.094 GC heap after
{Heap after GC invocations=6742 (full 2):
 garbage-first heap   total 145408K, used 55697K [0x0000000701e00000, 0x0000000800000000)
  region size 1024K, 1 young (1024K), 1 survivors (1024K)
 Metaspace       used 26921K, capacity 27487K, committed 27776K, reserved 1075200K
  class space    used 2674K, capacity 2905K, committed 2944K, reserved 1048576K
}
Event: 3745.496 GC heap before
{Heap before GC invocations=6742 (full 2):
 garbage-first heap   total 145408K, used 127377K [0x0000000701e00000, 0x0000000800000000)
  region size 1024K, 71 young (72704K), 1 survivors (1024K)
 Metaspace       used 26921K, capacity 27487K, committed 27776K, reserved 1075200K
  class space    used 2674K, capacity 2905K, committed 2944K, reserved 1048576K
}
Event: 3745.497 GC heap after
{Heap after GC invocations=6743 (full 2):
 garbage-first heap   total 145408K, used 55692K [0x0000000701e00000, 0x0000000800000000)
  region size 1024K, 1 young (1024K), 1 survivors (1024K)
 Metaspace       used 26921K, capacity 27487K, committed 27776K, reserved 1075200K
  class space    used 2674K, capacity 2905K, committed 2944K, reserved 1048576K
}
Event: 3747.786 GC heap before
{Heap before GC invocations=6743 (full 2):
 garbage-first heap   total 145408K, used 127372K [0x0000000701e00000, 0x0000000800000000)
  region size 1024K, 71 young (72704K), 1 survivors (1024K)
 Metaspace       used 26921K, capacity 27487K, committed 27776K, reserved 1075200K
  class space    used 2674K, capacity 2905K, committed 2944K, reserved 1048576K
}
Event: 3747.787 GC heap after
{Heap after GC invocations=6744 (full 2):
 garbage-first heap   total 145408K, used 55691K [0x0000000701e00000, 0x0000000800000000)
  region size 1024K, 1 young (1024K), 1 survivors (1024K)
 Metaspace       used 26921K, capacity 27487K, committed 27776K, reserved 1075200K
  class space    used 2674K, capacity 2905K, committed 2944K, reserved 1048576K
}
Event: 3750.397 GC heap before
{Heap before GC invocations=6744 (full 2):
 garbage-first heap   total 145408K, used 127371K [0x0000000701e00000, 0x0000000800000000)
  region size 1024K, 71 young (72704K), 1 survivors (1024K)
 Metaspace       used 26921K, capacity 27487K, committed 27776K, reserved 1075200K
  class space    used 2674K, capacity 2905K, committed 2944K, reserved 1048576K
}
Event: 3750.397 GC heap after
{Heap after GC invocations=6745 (full 2):
 garbage-first heap   total 145408K, used 55691K [0x0000000701e00000, 0x0000000800000000)
  region size 1024K, 1 young (1024K), 1 survivors (1024K)
 Metaspace       used 26921K, capacity 27487K, committed 27776K, reserved 1075200K
  class space    used 2674K, capacity 2905K, committed 2944K, reserved 1048576K
}
Event: 3752.855 GC heap before
{Heap before GC invocations=6745 (full 2):
 garbage-first heap   total 145408K, used 127371K [0x0000000701e00000, 0x0000000800000000)
  region size 1024K, 71 young (72704K), 1 survivors (1024K)
 Metaspace       used 26921K, capacity 27487K, committed 27776K, reserved 1075200K
  class space    used 2674K, capacity 2905K, committed 2944K, reserved 1048576K
}
Event: 3752.856 GC heap after
{Heap after GC invocations=6746 (full 2):
 garbage-first heap   total 145408K, used 55691K [0x0000000701e00000, 0x0000000800000000)
  region size 1024K, 1 young (1024K), 1 survivors (1024K)
 Metaspace       used 26921K, capacity 27487K, committed 27776K, reserved 1075200K
  class space    used 2674K, capacity 2905K, committed 2944K, reserved 1048576K
}
Event: 3755.418 GC heap before
{Heap before GC invocations=6746 (full 2):
 garbage-first heap   total 145408K, used 127371K [0x0000000701e00000, 0x0000000800000000)
  region size 1024K, 71 young (72704K), 1 survivors (1024K)
 Metaspace       used 26921K, capacity 27487K, committed 27776K, reserved 1075200K
  class space    used 2674K, capacity 2905K, committed 2944K, reserved 1048576K
}
Event: 3755.419 GC heap after
{Heap after GC invocations=6747 (full 2):
 garbage-first heap   total 145408K, used 55693K [0x0000000701e00000, 0x0000000800000000)
  region size 1024K, 1 young (1024K), 1 survivors (1024K)
 Metaspace       used 26921K, capacity 27487K, committed 27776K, reserved 1075200K
  class space    used 2674K, capacity 2905K, committed 2944K, reserved 1048576K
}
Event: 3757.938 GC heap before
{Heap before GC invocations=6747 (full 2):
 garbage-first heap   total 145408K, used 127373K [0x0000000701e00000, 0x0000000800000000)
  region size 1024K, 71 young (72704K), 1 survivors (1024K)
 Metaspace       used 26921K, capacity 27487K, committed 27776K, reserved 1075200K
  class space    used 2674K, capacity 2905K, committed 2944K, reserved 1048576K
}
Event: 3757.939 GC heap after
{Heap after GC invocations=6748 (full 2):
 garbage-first heap   total 145408K, used 55701K [0x0000000701e00000, 0x0000000800000000)
  region size 1024K, 1 young (1024K), 1 survivors (1024K)
 Metaspace       used 26921K, capacity 27487K, committed 27776K, reserved 1075200K
  class space    used 2674K, capacity 2905K, committed 2944K, reserved 1048576K
}
Event: 3760.487 GC heap before
{Heap before GC invocations=6748 (full 2):
 garbage-first heap   total 145408K, used 127381K [0x0000000701e00000, 0x0000000800000000)
  region size 1024K, 71 young (72704K), 1 survivors (1024K)
 Metaspace       used 26921K, capacity 27487K, committed 27776K, reserved 1075200K
  class space    used 2674K, capacity 2905K, committed 2944K, reserved 1048576K
}
Event: 3760.488 GC heap after
{Heap after GC invocations=6749 (full 2):
 garbage-first heap   total 145408K, used 55697K [0x0000000701e00000, 0x0000000800000000)
  region size 1024K, 1 young (1024K), 1 survivors (1024K)
 Metaspace       used 26921K, capacity 27487K, committed 27776K, reserved 1075200K
  class space    used 2674K, capacity 2905K, committed 2944K, reserved 1048576K
}
Event: 3762.827 GC heap before
{Heap before GC invocations=6749 (full 2):
 garbage-first heap   total 145408K, used 127377K [0x0000000701e00000, 0x0000000800000000)
  region size 1024K, 71 young (72704K), 1 survivors (1024K)
 Metaspace       used 26921K, capacity 27487K, committed 27776K, reserved 1075200K
  class space    used 2674K, capacity 2905K, committed 2944K, reserved 1048576K
}
Event: 3762.828 GC heap after
{Heap after GC invocations=6750 (full 2):
 garbage-first heap   total 145408K, used 55699K [0x0000000701e00000, 0x0000000800000000)
  region size 1024K, 1 young (1024K), 1 survivors (1024K)
 Metaspace       used 26921K, capacity 27487K, committed 27776K, reserved 1075200K
  class space    used 2674K, capacity 2905K, committed 2944K, reserved 1048576K
}
Event: 3765.258 GC heap before
{Heap before GC invocations=6750 (full 2):
 garbage-first heap   total 145408K, used 127379K [0x0000000701e00000, 0x0000000800000000)
  region size 1024K, 71 young (72704K), 1 survivors (1024K)
 Metaspace       used 26921K, capacity 27487K, committed 27776K, reserved 1075200K
  class space    used 2674K, capacity 2905K, committed 2944K, reserved 1048576K
}
Event: 3765.259 GC heap after
{Heap after GC invocations=6751 (full 2):
 garbage-first heap   total 145408K, used 55699K [0x0000000701e00000, 0x0000000800000000)
  region size 1024K, 1 young (1024K), 1 survivors (1024K)
 Metaspace       used 26921K, capacity 27487K, committed 27776K, reserved 1075200K
  class space    used 2674K, capacity 2905K, committed 2944K, reserved 1048576K
}

